<?xml version="1.0" encoding="UTF-8"?>
<!-- Generated by org.testng.reporters.JUnitReportReporter -->
<testsuite hostname="LIN-GL8LBK3" failures="0" tests="6" name="testCases.TC003_LoginDDT" time="40.338" errors="0" timestamp="2024-09-06T11:35:25 IST" skipped="0">
  <testcase classname="testCases.TC003_LoginDDT" name="verify_loginDDT" time="4.873"/>
  <testcase classname="testCases.TC003_LoginDDT" name="verify_loginDDT" time="13.959"/>
  <testcase classname="testCases.TC003_LoginDDT" name="verify_loginDDT" time="4.532"/>
  <testcase classname="testCases.TC003_LoginDDT" name="verify_loginDDT" time="4.477"/>
  <testcase classname="testCases.TC003_LoginDDT" name="verify_loginDDT" time="5.365"/>
  <testcase classname="testCases.TC003_LoginDDT" name="verify_loginDDT" time="7.132"/>
</testsuite> <!-- testCases.TC003_LoginDDT -->
